<?xml version="1.0" encoding="UTF-8"?>
<testsuites name="Mocha Tests" time="1.483" tests="1" failures="0">
  <testsuite name="Root Suite" timestamp="2022-10-26T17:36:51" tests="0" file="cypress/e2e/Webdriveruni/Drop-down.js" time="0.000" failures="0">
  </testsuite>
  <testsuite name="Interact dropdown lists via webdriver uni" timestamp="2022-10-26T17:36:51" tests="1" time="1.467" failures="0">
    <testcase name="Interact dropdown lists via webdriver uni Select specific values via select drop down list" time="1.458" classname="Select specific values via select drop down list">
    </testcase>
  </testsuite>
</testsuites>