<?xml version="1.0" encoding="UTF-8"?>
<testsuites name="Mocha Tests" time="4.964" tests="1" failures="1">
  <testsuite name="Root Suite" timestamp="2022-10-26T15:57:31" tests="0" file="cypress/e2e/Automation-test-store/Alias-invoke.js" time="0.000" failures="0">
  </testsuite>
  <testsuite name="Alias and invoke" timestamp="2022-10-26T15:57:31" tests="1" time="4.954" failures="1">
    <testcase name="Alias and invoke Validate the home page with add to cart" time="0.000" classname="Validate the home page with add to cart">
      <failure message="expected 626.6 to equal 676.1" type="AssertionError"><![CDATA[AssertionError: expected 626.6 to equal 676.1
    at Context.eval (webpack:///./cypress/e2e/Automation-test-store/Alias-invoke.js:59:30)

      + expected - actual

      -626.6
      +676.1
      ]]></failure>
    </testcase>
  </testsuite>
</testsuites>