<?xml version="1.0" encoding="UTF-8"?>
<testsuites name="Mocha Tests" time="6.193" tests="2" failures="0">
  <testsuite name="Root Suite" timestamp="2022-10-26T17:36:39" tests="0" file="cypress/e2e/Webdriveruni/Contact-us.js" time="0.000" failures="0">
  </testsuite>
  <testsuite name="Test Contact Us form via WebdriverUni" timestamp="2022-10-26T17:36:39" tests="2" time="6.178" failures="0">
    <testcase name="Test Contact Us form via WebdriverUni Should be able to submit a successful submission via contact us form" time="3.484" classname="Should be able to submit a successful submission via contact us form">
    </testcase>
    <testcase name="Test Contact Us form via WebdriverUni Should not be able to submit a successful submission via contact us form as all fields are required" time="2.681" classname="Should not be able to submit a successful submission via contact us form as all fields are required">
    </testcase>
  </testsuite>
</testsuites>