<?xml version="1.0" encoding="UTF-8"?>
<testsuites name="Mocha Tests" time="4.017" tests="1" failures="0">
  <testsuite name="Root Suite" timestamp="2022-10-26T15:57:52" tests="0" file="cypress/e2e/Automation-test-store/Add-multiple-items-cart.js" time="0.000" failures="0">
  </testsuite>
  <testsuite name="Adds multiple items to basket" timestamp="2022-10-26T15:57:52" tests="1" time="4.007" failures="0">
    <testcase name="Adds multiple items to basket Add specific item to basket" time="2.793" classname="Add specific item to basket">
    </testcase>
  </testsuite>
</testsuites>