<?xml version="1.0" encoding="UTF-8"?>
<testsuites name="Mocha Tests" time="0.799" tests="1" failures="0">
  <testsuite name="Root Suite" timestamp="2022-10-26T17:36:58" tests="0" file="cypress/e2e/Webdriveruni/Js-alert.js" time="0.000" failures="0">
  </testsuite>
  <testsuite name="handle js alerts" timestamp="2022-10-26T17:36:58" tests="1" time="0.783" failures="0">
    <testcase name="handle js alerts Validate js confirm alert box using stub" time="0.784" classname="Validate js confirm alert box using stub">
    </testcase>
  </testsuite>
</testsuites>